[2018-04-30 13:26:13,45] [info] Running with database db.url = jdbc:hsqldb:mem:f334cd26-dd3f-4d3d-86ec-d5c7b0a1bde3;shutdown=false;hsqldb.tx=mvcc
[2018-04-30 13:26:20,34] [info] Running migration RenameWorkflowOptionsInMetadata with a read batch size of 100000 and a write batch size of 100000
[2018-04-30 13:26:20,36] [info] [RenameWorkflowOptionsInMetadata] 100%
[2018-04-30 13:26:20,53] [info] Running with database db.url = jdbc:hsqldb:mem:c40b0aac-91b9-41ae-8744-bc75372c8e5a;shutdown=false;hsqldb.tx=mvcc
[2018-04-30 13:26:21,13] [info] Slf4jLogger started
[2018-04-30 13:26:21,46] [info] Metadata summary refreshing every 2 seconds.
[2018-04-30 13:26:21,50] [info] WriteMetadataActor configured to flush with batch size 200 and process rate 5 seconds.
[2018-04-30 13:26:21,50] [info] CallCacheWriteActor configured to flush with batch size 100 and process rate 3 seconds.
[2018-04-30 13:26:21,51] [info] KvWriteActor configured to flush with batch size 200 and process rate 5 seconds.
[2018-04-30 13:26:22,39] [info] JobExecutionTokenDispenser - Distribution rate: 50 per 1 seconds.
[2018-04-30 13:26:22,40] [info] SingleWorkflowRunnerActor: Submitting workflow
[2018-04-30 13:26:22,45] [info] WDL (Unspecified version) workflow b695d45e-203e-4e8e-9cfd-4a8c2cffe3c6 submitted
[2018-04-30 13:26:22,45] [info] SingleWorkflowRunnerActor: Workflow submitted [38;5;2mb695d45e-203e-4e8e-9cfd-4a8c2cffe3c6[0m
[2018-04-30 13:26:22,46] [info] 1 new workflows fetched
[2018-04-30 13:26:22,46] [info] WorkflowManagerActor Starting workflow [38;5;2mb695d45e-203e-4e8e-9cfd-4a8c2cffe3c6[0m
[2018-04-30 13:26:22,47] [info] WorkflowManagerActor Successfully started WorkflowActor-b695d45e-203e-4e8e-9cfd-4a8c2cffe3c6
[2018-04-30 13:26:22,47] [info] Retrieved 1 workflows from the WorkflowStoreActor
[2018-04-30 13:26:23,70] [info] MaterializeWorkflowDescriptorActor [[38;5;2mb695d45e[0m]: Call-to-Backend assignments: ReassignOneMappingQualityFilter.PrintReads -> Local, ReassignOneMappingQualityFilter.ReorderSam -> Local
[2018-04-30 13:26:23,82] [[38;5;220mwarn[0m] Local [[38;5;2mb695d45e[0m]: Key/s [sge_queue] is/are not supported by backend. Unsupported attributes will not be part of job executions.
[2018-04-30 13:26:23,82] [[38;5;220mwarn[0m] Couldn't find a suitable DSN, defaulting to a Noop one.
[2018-04-30 13:26:23,83] [info] Using noop to send events.
[2018-04-30 13:26:23,85] [[38;5;220mwarn[0m] Local [[38;5;2mb695d45e[0m]: Key/s [sge_queue] is/are not supported by backend. Unsupported attributes will not be part of job executions.
[2018-04-30 13:26:29,24] [info] WorkflowExecutionActor-b695d45e-203e-4e8e-9cfd-4a8c2cffe3c6 [[38;5;2mb695d45e[0m]: Starting ReassignOneMappingQualityFilter.ReorderSam (3 shards)
[2018-04-30 13:26:29,85] [[38;5;220mwarn[0m] BackgroundConfigAsyncJobExecutionActor [[38;5;2mb695d45e[0mReassignOneMappingQualityFilter.ReorderSam:1:1]: Unrecognized runtime attribute keys: sge_queue
[2018-04-30 13:26:29,85] [[38;5;220mwarn[0m] BackgroundConfigAsyncJobExecutionActor [[38;5;2mb695d45e[0mReassignOneMappingQualityFilter.ReorderSam:2:1]: Unrecognized runtime attribute keys: sge_queue
[2018-04-30 13:26:29,85] [[38;5;220mwarn[0m] BackgroundConfigAsyncJobExecutionActor [[38;5;2mb695d45e[0mReassignOneMappingQualityFilter.ReorderSam:0:1]: Unrecognized runtime attribute keys: sge_queue
[2018-04-30 13:26:29,98] [info] BackgroundConfigAsyncJobExecutionActor [[38;5;2mb695d45e[0mReassignOneMappingQualityFilter.ReorderSam:1:1]: [38;5;5mjava -jar /home/egueret/Stage_UM_ISEM/Donn√©es_CRECHE/cromwell-executions/ReassignOneMappingQualityFilter/b695d45e-203e-4e8e-9cfd-4a8c2cffe3c6/call-ReorderSam/shard-1/inputs/home/egueret/tools/picard.jar \
  ReorderSam \
  I=/home/egueret/Stage_UM_ISEM/Donn√©es_CRECHE/cromwell-executions/ReassignOneMappingQualityFilter/b695d45e-203e-4e8e-9cfd-4a8c2cffe3c6/call-ReorderSam/shard-1/inputs/home/egueret/Stage_UM_ISEM/Donn√©es_CRECHE/inputs/Creche-18.bam \
  O=Creche-18_reordered.bam \
  R=/home/egueret/Stage_UM_ISEM/Donn√©es_CRECHE/cromwell-executions/ReassignOneMappingQualityFilter/b695d45e-203e-4e8e-9cfd-4a8c2cffe3c6/call-ReorderSam/shard-1/inputs/home/egueret/Stage_UM_ISEM/Donn√©es_CRECHE/ref/labrax.fa \
  CREATE_INDEX=TRUE[0m
[2018-04-30 13:26:29,99] [info] BackgroundConfigAsyncJobExecutionActor [[38;5;2mb695d45e[0mReassignOneMappingQualityFilter.ReorderSam:0:1]: [38;5;5mjava -jar /home/egueret/Stage_UM_ISEM/Donn√©es_CRECHE/cromwell-executions/ReassignOneMappingQualityFilter/b695d45e-203e-4e8e-9cfd-4a8c2cffe3c6/call-ReorderSam/shard-0/inputs/home/egueret/tools/picard.jar \
  ReorderSam \
  I=/home/egueret/Stage_UM_ISEM/Donn√©es_CRECHE/cromwell-executions/ReassignOneMappingQualityFilter/b695d45e-203e-4e8e-9cfd-4a8c2cffe3c6/call-ReorderSam/shard-0/inputs/home/egueret/Stage_UM_ISEM/Donn√©es_CRECHE/inputs/Creche-11GB.bam \
  O=Creche-11GB_reordered.bam \
  R=/home/egueret/Stage_UM_ISEM/Donn√©es_CRECHE/cromwell-executions/ReassignOneMappingQualityFilter/b695d45e-203e-4e8e-9cfd-4a8c2cffe3c6/call-ReorderSam/shard-0/inputs/home/egueret/Stage_UM_ISEM/Donn√©es_CRECHE/ref/labrax.fa \
  CREATE_INDEX=TRUE[0m
[2018-04-30 13:26:29,99] [info] BackgroundConfigAsyncJobExecutionActor [[38;5;2mb695d45e[0mReassignOneMappingQualityFilter.ReorderSam:2:1]: [38;5;5mjava -jar /home/egueret/Stage_UM_ISEM/Donn√©es_CRECHE/cromwell-executions/ReassignOneMappingQualityFilter/b695d45e-203e-4e8e-9cfd-4a8c2cffe3c6/call-ReorderSam/shard-2/inputs/home/egueret/tools/picard.jar \
  ReorderSam \
  I=/home/egueret/Stage_UM_ISEM/Donn√©es_CRECHE/cromwell-executions/ReassignOneMappingQualityFilter/b695d45e-203e-4e8e-9cfd-4a8c2cffe3c6/call-ReorderSam/shard-2/inputs/home/egueret/Stage_UM_ISEM/Donn√©es_CRECHE/inputs/Creche-6.bam \
  O=Creche-6_reordered.bam \
  R=/home/egueret/Stage_UM_ISEM/Donn√©es_CRECHE/cromwell-executions/ReassignOneMappingQualityFilter/b695d45e-203e-4e8e-9cfd-4a8c2cffe3c6/call-ReorderSam/shard-2/inputs/home/egueret/Stage_UM_ISEM/Donn√©es_CRECHE/ref/labrax.fa \
  CREATE_INDEX=TRUE[0m
[2018-04-30 13:26:30,02] [info] BackgroundConfigAsyncJobExecutionActor [[38;5;2mb695d45e[0mReassignOneMappingQualityFilter.ReorderSam:2:1]: executing: /bin/bash /home/egueret/Stage_UM_ISEM/Donn√©es_CRECHE/cromwell-executions/ReassignOneMappingQualityFilter/b695d45e-203e-4e8e-9cfd-4a8c2cffe3c6/call-ReorderSam/shard-2/execution/script
[2018-04-30 13:26:30,02] [info] BackgroundConfigAsyncJobExecutionActor [[38;5;2mb695d45e[0mReassignOneMappingQualityFilter.ReorderSam:0:1]: executing: /bin/bash /home/egueret/Stage_UM_ISEM/Donn√©es_CRECHE/cromwell-executions/ReassignOneMappingQualityFilter/b695d45e-203e-4e8e-9cfd-4a8c2cffe3c6/call-ReorderSam/shard-0/execution/script
[2018-04-30 13:26:30,02] [info] BackgroundConfigAsyncJobExecutionActor [[38;5;2mb695d45e[0mReassignOneMappingQualityFilter.ReorderSam:1:1]: executing: /bin/bash /home/egueret/Stage_UM_ISEM/Donn√©es_CRECHE/cromwell-executions/ReassignOneMappingQualityFilter/b695d45e-203e-4e8e-9cfd-4a8c2cffe3c6/call-ReorderSam/shard-1/execution/script
[2018-04-30 13:26:31,59] [info] BackgroundConfigAsyncJobExecutionActor [[38;5;2mb695d45e[0mReassignOneMappingQualityFilter.ReorderSam:2:1]: job id: 5439
[2018-04-30 13:26:31,59] [info] BackgroundConfigAsyncJobExecutionActor [[38;5;2mb695d45e[0mReassignOneMappingQualityFilter.ReorderSam:0:1]: job id: 5437
[2018-04-30 13:26:31,59] [info] BackgroundConfigAsyncJobExecutionActor [[38;5;2mb695d45e[0mReassignOneMappingQualityFilter.ReorderSam:1:1]: job id: 5438
[2018-04-30 13:26:31,59] [info] BackgroundConfigAsyncJobExecutionActor [[38;5;2mb695d45e[0mReassignOneMappingQualityFilter.ReorderSam:2:1]: Status change from - to WaitingForReturnCodeFile
[2018-04-30 13:26:31,59] [info] BackgroundConfigAsyncJobExecutionActor [[38;5;2mb695d45e[0mReassignOneMappingQualityFilter.ReorderSam:1:1]: Status change from - to WaitingForReturnCodeFile
[2018-04-30 13:26:31,59] [info] BackgroundConfigAsyncJobExecutionActor [[38;5;2mb695d45e[0mReassignOneMappingQualityFilter.ReorderSam:0:1]: Status change from - to WaitingForReturnCodeFile
[2018-04-30 13:50:17,14] [info] BackgroundConfigAsyncJobExecutionActor [[38;5;2mb695d45e[0mReassignOneMappingQualityFilter.ReorderSam:2:1]: Status change from WaitingForReturnCodeFile to Done
[2018-04-30 13:50:18,21] [info] WorkflowExecutionActor-b695d45e-203e-4e8e-9cfd-4a8c2cffe3c6 [[38;5;2mb695d45e[0m]: Starting ReassignOneMappingQualityFilter.PrintReads
[2018-04-30 13:50:18,41] [[38;5;220mwarn[0m] BackgroundConfigAsyncJobExecutionActor [[38;5;2mb695d45e[0mReassignOneMappingQualityFilter.PrintReads:2:1]: Unrecognized runtime attribute keys: sge_queue
[2018-04-30 13:50:18,47] [[38;5;1merror[0m] BackgroundConfigAsyncJobExecutionActor [[38;5;2mb695d45e[0mReassignOneMappingQualityFilter.PrintReads:2:1]: Error attempting to Execute
java.lang.Exception: Failed command instantiation
	at cromwell.backend.standard.StandardAsyncExecutionActor.instantiatedCommand(StandardAsyncExecutionActor.scala:400)
	at cromwell.backend.standard.StandardAsyncExecutionActor.instantiatedCommand$(StandardAsyncExecutionActor.scala:340)
	at cromwell.backend.impl.sfs.config.BackgroundConfigAsyncJobExecutionActor.instantiatedCommand$lzycompute(ConfigAsyncJobExecutionActor.scala:191)
	at cromwell.backend.impl.sfs.config.BackgroundConfigAsyncJobExecutionActor.instantiatedCommand(ConfigAsyncJobExecutionActor.scala:191)
	at cromwell.backend.standard.StandardAsyncExecutionActor.commandScriptContents(StandardAsyncExecutionActor.scala:235)
	at cromwell.backend.standard.StandardAsyncExecutionActor.commandScriptContents$(StandardAsyncExecutionActor.scala:234)
	at cromwell.backend.impl.sfs.config.BackgroundConfigAsyncJobExecutionActor.commandScriptContents(ConfigAsyncJobExecutionActor.scala:191)
	at cromwell.backend.sfs.SharedFileSystemAsyncJobExecutionActor.writeScriptContents(SharedFileSystemAsyncJobExecutionActor.scala:140)
	at cromwell.backend.sfs.SharedFileSystemAsyncJobExecutionActor.writeScriptContents$(SharedFileSystemAsyncJobExecutionActor.scala:139)
	at cromwell.backend.impl.sfs.config.BackgroundConfigAsyncJobExecutionActor.cromwell$backend$sfs$BackgroundAsyncJobExecutionActor$$super$writeScriptContents(ConfigAsyncJobExecutionActor.scala:191)
	at cromwell.backend.sfs.BackgroundAsyncJobExecutionActor.writeScriptContents(BackgroundAsyncJobExecutionActor.scala:12)
	at cromwell.backend.sfs.BackgroundAsyncJobExecutionActor.writeScriptContents$(BackgroundAsyncJobExecutionActor.scala:11)
	at cromwell.backend.impl.sfs.config.BackgroundConfigAsyncJobExecutionActor.writeScriptContents(ConfigAsyncJobExecutionActor.scala:191)
	at cromwell.backend.sfs.SharedFileSystemAsyncJobExecutionActor.execute(SharedFileSystemAsyncJobExecutionActor.scala:123)
	at cromwell.backend.sfs.SharedFileSystemAsyncJobExecutionActor.execute$(SharedFileSystemAsyncJobExecutionActor.scala:121)
	at cromwell.backend.impl.sfs.config.BackgroundConfigAsyncJobExecutionActor.execute(ConfigAsyncJobExecutionActor.scala:191)
	at cromwell.backend.standard.StandardAsyncExecutionActor.$anonfun$executeAsync$1(StandardAsyncExecutionActor.scala:451)
	at scala.util.Try$.apply(Try.scala:209)
	at cromwell.backend.standard.StandardAsyncExecutionActor.executeAsync(StandardAsyncExecutionActor.scala:451)
	at cromwell.backend.standard.StandardAsyncExecutionActor.executeAsync$(StandardAsyncExecutionActor.scala:451)
	at cromwell.backend.impl.sfs.config.BackgroundConfigAsyncJobExecutionActor.executeAsync(ConfigAsyncJobExecutionActor.scala:191)
	at cromwell.backend.standard.StandardAsyncExecutionActor.executeOrRecover(StandardAsyncExecutionActor.scala:744)
	at cromwell.backend.standard.StandardAsyncExecutionActor.executeOrRecover$(StandardAsyncExecutionActor.scala:736)
	at cromwell.backend.impl.sfs.config.BackgroundConfigAsyncJobExecutionActor.executeOrRecover(ConfigAsyncJobExecutionActor.scala:191)
	at cromwell.backend.async.AsyncBackendJobExecutionActor.$anonfun$robustExecuteOrRecover$1(AsyncBackendJobExecutionActor.scala:65)
	at cromwell.core.retry.Retry$.withRetry(Retry.scala:37)
	at cromwell.backend.async.AsyncBackendJobExecutionActor.withRetry(AsyncBackendJobExecutionActor.scala:61)
	at cromwell.backend.async.AsyncBackendJobExecutionActor.cromwell$backend$async$AsyncBackendJobExecutionActor$$robustExecuteOrRecover(AsyncBackendJobExecutionActor.scala:65)
	at cromwell.backend.async.AsyncBackendJobExecutionActor$$anonfun$receive$1.applyOrElse(AsyncBackendJobExecutionActor.scala:88)
	at scala.PartialFunction$OrElse.applyOrElse(PartialFunction.scala:172)
	at scala.PartialFunction$OrElse.applyOrElse(PartialFunction.scala:172)
	at akka.actor.Actor.aroundReceive(Actor.scala:514)
	at akka.actor.Actor.aroundReceive$(Actor.scala:512)
	at cromwell.backend.impl.sfs.config.BackgroundConfigAsyncJobExecutionActor.aroundReceive(ConfigAsyncJobExecutionActor.scala:191)
	at akka.actor.ActorCell.receiveMessage(ActorCell.scala:527)
	at akka.actor.ActorCell.invoke(ActorCell.scala:496)
	at akka.dispatch.Mailbox.processMailbox(Mailbox.scala:257)
	at akka.dispatch.Mailbox.run(Mailbox.scala:224)
	at akka.dispatch.Mailbox.exec(Mailbox.scala:234)
	at akka.dispatch.forkjoin.ForkJoinTask.doExec(ForkJoinTask.java:260)
	at akka.dispatch.forkjoin.ForkJoinPool$WorkQueue.runTask(ForkJoinPool.java:1339)
	at akka.dispatch.forkjoin.ForkJoinPool.runWorker(ForkJoinPool.java:1979)
	at akka.dispatch.forkjoin.ForkJoinWorkerThread.run(ForkJoinWorkerThread.java:107)
Caused by: common.exception.AggregatedMessageException: Error(s):
Expression 'Reordereds' evaluated to an Array but no 'sep' was specified
	at common.validation.Validation$ValidationTry$.toTry$extension1(Validation.scala:60)
	at common.validation.Validation$ValidationTry$.toTry$extension0(Validation.scala:56)
	at cromwell.backend.standard.StandardAsyncExecutionActor.instantiatedCommand(StandardAsyncExecutionActor.scala:398)
	... 42 common frames omitted
[2018-04-30 13:50:20,88] [[38;5;1merror[0m] BackgroundConfigAsyncJobExecutionActor [[38;5;2mb695d45e[0mReassignOneMappingQualityFilter.PrintReads:2:1]: Error attempting to Execute
java.lang.Exception: Failed command instantiation
	at cromwell.backend.standard.StandardAsyncExecutionActor.instantiatedCommand(StandardAsyncExecutionActor.scala:400)
	at cromwell.backend.standard.StandardAsyncExecutionActor.instantiatedCommand$(StandardAsyncExecutionActor.scala:340)
	at cromwell.backend.impl.sfs.config.BackgroundConfigAsyncJobExecutionActor.instantiatedCommand$lzycompute(ConfigAsyncJobExecutionActor.scala:191)
	at cromwell.backend.impl.sfs.config.BackgroundConfigAsyncJobExecutionActor.instantiatedCommand(ConfigAsyncJobExecutionActor.scala:191)
	at cromwell.backend.standard.StandardAsyncExecutionActor.commandScriptContents(StandardAsyncExecutionActor.scala:235)
	at cromwell.backend.standard.StandardAsyncExecutionActor.commandScriptContents$(StandardAsyncExecutionActor.scala:234)
	at cromwell.backend.impl.sfs.config.BackgroundConfigAsyncJobExecutionActor.commandScriptContents(ConfigAsyncJobExecutionActor.scala:191)
	at cromwell.backend.sfs.SharedFileSystemAsyncJobExecutionActor.writeScriptContents(SharedFileSystemAsyncJobExecutionActor.scala:140)
	at cromwell.backend.sfs.SharedFileSystemAsyncJobExecutionActor.writeScriptContents$(SharedFileSystemAsyncJobExecutionActor.scala:139)
	at cromwell.backend.impl.sfs.config.BackgroundConfigAsyncJobExecutionActor.cromwell$backend$sfs$BackgroundAsyncJobExecutionActor$$super$writeScriptContents(ConfigAsyncJobExecutionActor.scala:191)
	at cromwell.backend.sfs.BackgroundAsyncJobExecutionActor.writeScriptContents(BackgroundAsyncJobExecutionActor.scala:12)
	at cromwell.backend.sfs.BackgroundAsyncJobExecutionActor.writeScriptContents$(BackgroundAsyncJobExecutionActor.scala:11)
	at cromwell.backend.impl.sfs.config.BackgroundConfigAsyncJobExecutionActor.writeScriptContents(ConfigAsyncJobExecutionActor.scala:191)
	at cromwell.backend.sfs.SharedFileSystemAsyncJobExecutionActor.execute(SharedFileSystemAsyncJobExecutionActor.scala:123)
	at cromwell.backend.sfs.SharedFileSystemAsyncJobExecutionActor.execute$(SharedFileSystemAsyncJobExecutionActor.scala:121)
	at cromwell.backend.impl.sfs.config.BackgroundConfigAsyncJobExecutionActor.execute(ConfigAsyncJobExecutionActor.scala:191)
	at cromwell.backend.standard.StandardAsyncExecutionActor.$anonfun$executeAsync$1(StandardAsyncExecutionActor.scala:451)
	at scala.util.Try$.apply(Try.scala:209)
	at cromwell.backend.standard.StandardAsyncExecutionActor.executeAsync(StandardAsyncExecutionActor.scala:451)
	at cromwell.backend.standard.StandardAsyncExecutionActor.executeAsync$(StandardAsyncExecutionActor.scala:451)
	at cromwell.backend.impl.sfs.config.BackgroundConfigAsyncJobExecutionActor.executeAsync(ConfigAsyncJobExecutionActor.scala:191)
	at cromwell.backend.standard.StandardAsyncExecutionActor.executeOrRecover(StandardAsyncExecutionActor.scala:744)
	at cromwell.backend.standard.StandardAsyncExecutionActor.executeOrRecover$(StandardAsyncExecutionActor.scala:736)
	at cromwell.backend.impl.sfs.config.BackgroundConfigAsyncJobExecutionActor.executeOrRecover(ConfigAsyncJobExecutionActor.scala:191)
	at cromwell.backend.async.AsyncBackendJobExecutionActor.$anonfun$robustExecuteOrRecover$1(AsyncBackendJobExecutionActor.scala:65)
	at cromwell.core.retry.Retry$.withRetry(Retry.scala:37)
	at cromwell.core.retry.Retry$$anonfun$withRetry$1.$anonfun$applyOrElse$3(Retry.scala:44)
	at akka.pattern.FutureTimeoutSupport.liftedTree1$1(FutureTimeoutSupport.scala:25)
	at akka.pattern.FutureTimeoutSupport.$anonfun$after$1(FutureTimeoutSupport.scala:25)
	at akka.actor.Scheduler$$anon$4.run(Scheduler.scala:140)
	at akka.dispatch.TaskInvocation.run(AbstractDispatcher.scala:40)
	at akka.dispatch.ForkJoinExecutorConfigurator$AkkaForkJoinTask.exec(ForkJoinExecutorConfigurator.scala:43)
	at akka.dispatch.forkjoin.ForkJoinTask.doExec(ForkJoinTask.java:260)
	at akka.dispatch.forkjoin.ForkJoinPool$WorkQueue.runTask(ForkJoinPool.java:1339)
	at akka.dispatch.forkjoin.ForkJoinPool.runWorker(ForkJoinPool.java:1979)
	at akka.dispatch.forkjoin.ForkJoinWorkerThread.run(ForkJoinWorkerThread.java:107)
Caused by: common.exception.AggregatedMessageException: Error(s):
Expression 'Reordereds' evaluated to an Array but no 'sep' was specified
	at common.validation.Validation$ValidationTry$.toTry$extension1(Validation.scala:60)
	at common.validation.Validation$ValidationTry$.toTry$extension0(Validation.scala:56)
	at cromwell.backend.standard.StandardAsyncExecutionActor.instantiatedCommand(StandardAsyncExecutionActor.scala:398)
	... 35 common frames omitted
[2018-04-30 13:50:23,12] [[38;5;1merror[0m] BackgroundConfigAsyncJobExecutionActor [[38;5;2mb695d45e[0mReassignOneMappingQualityFilter.PrintReads:2:1]: Error attempting to Execute
java.lang.Exception: Failed command instantiation
	at cromwell.backend.standard.StandardAsyncExecutionActor.instantiatedCommand(StandardAsyncExecutionActor.scala:400)
	at cromwell.backend.standard.StandardAsyncExecutionActor.instantiatedCommand$(StandardAsyncExecutionActor.scala:340)
	at cromwell.backend.impl.sfs.config.BackgroundConfigAsyncJobExecutionActor.instantiatedCommand$lzycompute(ConfigAsyncJobExecutionActor.scala:191)
	at cromwell.backend.impl.sfs.config.BackgroundConfigAsyncJobExecutionActor.instantiatedCommand(ConfigAsyncJobExecutionActor.scala:191)
	at cromwell.backend.standard.StandardAsyncExecutionActor.commandScriptContents(StandardAsyncExecutionActor.scala:235)
	at cromwell.backend.standard.StandardAsyncExecutionActor.commandScriptContents$(StandardAsyncExecutionActor.scala:234)
	at cromwell.backend.impl.sfs.config.BackgroundConfigAsyncJobExecutionActor.commandScriptContents(ConfigAsyncJobExecutionActor.scala:191)
	at cromwell.backend.sfs.SharedFileSystemAsyncJobExecutionActor.writeScriptContents(SharedFileSystemAsyncJobExecutionActor.scala:140)
	at cromwell.backend.sfs.SharedFileSystemAsyncJobExecutionActor.writeScriptContents$(SharedFileSystemAsyncJobExecutionActor.scala:139)
	at cromwell.backend.impl.sfs.config.BackgroundConfigAsyncJobExecutionActor.cromwell$backend$sfs$BackgroundAsyncJobExecutionActor$$super$writeScriptContents(ConfigAsyncJobExecutionActor.scala:191)
	at cromwell.backend.sfs.BackgroundAsyncJobExecutionActor.writeScriptContents(BackgroundAsyncJobExecutionActor.scala:12)
	at cromwell.backend.sfs.BackgroundAsyncJobExecutionActor.writeScriptContents$(BackgroundAsyncJobExecutionActor.scala:11)
	at cromwell.backend.impl.sfs.config.BackgroundConfigAsyncJobExecutionActor.writeScriptContents(ConfigAsyncJobExecutionActor.scala:191)
	at cromwell.backend.sfs.SharedFileSystemAsyncJobExecutionActor.execute(SharedFileSystemAsyncJobExecutionActor.scala:123)
	at cromwell.backend.sfs.SharedFileSystemAsyncJobExecutionActor.execute$(SharedFileSystemAsyncJobExecutionActor.scala:121)
	at cromwell.backend.impl.sfs.config.BackgroundConfigAsyncJobExecutionActor.execute(ConfigAsyncJobExecutionActor.scala:191)
	at cromwell.backend.standard.StandardAsyncExecutionActor.$anonfun$executeAsync$1(StandardAsyncExecutionActor.scala:451)
	at scala.util.Try$.apply(Try.scala:209)
	at cromwell.backend.standard.StandardAsyncExecutionActor.executeAsync(StandardAsyncExecutionActor.scala:451)
	at cromwell.backend.standard.StandardAsyncExecutionActor.executeAsync$(StandardAsyncExecutionActor.scala:451)
	at cromwell.backend.impl.sfs.config.BackgroundConfigAsyncJobExecutionActor.executeAsync(ConfigAsyncJobExecutionActor.scala:191)
	at cromwell.backend.standard.StandardAsyncExecutionActor.executeOrRecover(StandardAsyncExecutionActor.scala:744)
	at cromwell.backend.standard.StandardAsyncExecutionActor.executeOrRecover$(StandardAsyncExecutionActor.scala:736)
	at cromwell.backend.impl.sfs.config.BackgroundConfigAsyncJobExecutionActor.executeOrRecover(ConfigAsyncJobExecutionActor.scala:191)
	at cromwell.backend.async.AsyncBackendJobExecutionActor.$anonfun$robustExecuteOrRecover$1(AsyncBackendJobExecutionActor.scala:65)
	at cromwell.core.retry.Retry$.withRetry(Retry.scala:37)
	at cromwell.core.retry.Retry$$anonfun$withRetry$1.$anonfun$applyOrElse$3(Retry.scala:44)
	at akka.pattern.FutureTimeoutSupport.liftedTree1$1(FutureTimeoutSupport.scala:25)
	at akka.pattern.FutureTimeoutSupport.$anonfun$after$1(FutureTimeoutSupport.scala:25)
	at akka.actor.Scheduler$$anon$4.run(Scheduler.scala:140)
	at akka.dispatch.TaskInvocation.run(AbstractDispatcher.scala:40)
	at akka.dispatch.ForkJoinExecutorConfigurator$AkkaForkJoinTask.exec(ForkJoinExecutorConfigurator.scala:43)
	at akka.dispatch.forkjoin.ForkJoinTask.doExec(ForkJoinTask.java:260)
	at akka.dispatch.forkjoin.ForkJoinPool$WorkQueue.runTask(ForkJoinPool.java:1339)
	at akka.dispatch.forkjoin.ForkJoinPool.runWorker(ForkJoinPool.java:1979)
	at akka.dispatch.forkjoin.ForkJoinWorkerThread.run(ForkJoinWorkerThread.java:107)
Caused by: common.exception.AggregatedMessageException: Error(s):
Expression 'Reordereds' evaluated to an Array but no 'sep' was specified
	at common.validation.Validation$ValidationTry$.toTry$extension1(Validation.scala:60)
	at common.validation.Validation$ValidationTry$.toTry$extension0(Validation.scala:56)
	at cromwell.backend.standard.StandardAsyncExecutionActor.instantiatedCommand(StandardAsyncExecutionActor.scala:398)
	... 35 common frames omitted
[2018-04-30 13:50:25,22] [[38;5;1merror[0m] BackgroundConfigAsyncJobExecutionActor [[38;5;2mb695d45e[0mReassignOneMappingQualityFilter.PrintReads:2:1]: Error attempting to Execute
java.lang.Exception: Failed command instantiation
	at cromwell.backend.standard.StandardAsyncExecutionActor.instantiatedCommand(StandardAsyncExecutionActor.scala:400)
	at cromwell.backend.standard.StandardAsyncExecutionActor.instantiatedCommand$(StandardAsyncExecutionActor.scala:340)
	at cromwell.backend.impl.sfs.config.BackgroundConfigAsyncJobExecutionActor.instantiatedCommand$lzycompute(ConfigAsyncJobExecutionActor.scala:191)
	at cromwell.backend.impl.sfs.config.BackgroundConfigAsyncJobExecutionActor.instantiatedCommand(ConfigAsyncJobExecutionActor.scala:191)
	at cromwell.backend.standard.StandardAsyncExecutionActor.commandScriptContents(StandardAsyncExecutionActor.scala:235)
	at cromwell.backend.standard.StandardAsyncExecutionActor.commandScriptContents$(StandardAsyncExecutionActor.scala:234)
	at cromwell.backend.impl.sfs.config.BackgroundConfigAsyncJobExecutionActor.commandScriptContents(ConfigAsyncJobExecutionActor.scala:191)
	at cromwell.backend.sfs.SharedFileSystemAsyncJobExecutionActor.writeScriptContents(SharedFileSystemAsyncJobExecutionActor.scala:140)
	at cromwell.backend.sfs.SharedFileSystemAsyncJobExecutionActor.writeScriptContents$(SharedFileSystemAsyncJobExecutionActor.scala:139)
	at cromwell.backend.impl.sfs.config.BackgroundConfigAsyncJobExecutionActor.cromwell$backend$sfs$BackgroundAsyncJobExecutionActor$$super$writeScriptContents(ConfigAsyncJobExecutionActor.scala:191)
	at cromwell.backend.sfs.BackgroundAsyncJobExecutionActor.writeScriptContents(BackgroundAsyncJobExecutionActor.scala:12)
	at cromwell.backend.sfs.BackgroundAsyncJobExecutionActor.writeScriptContents$(BackgroundAsyncJobExecutionActor.scala:11)
	at cromwell.backend.impl.sfs.config.BackgroundConfigAsyncJobExecutionActor.writeScriptContents(ConfigAsyncJobExecutionActor.scala:191)
	at cromwell.backend.sfs.SharedFileSystemAsyncJobExecutionActor.execute(SharedFileSystemAsyncJobExecutionActor.scala:123)
	at cromwell.backend.sfs.SharedFileSystemAsyncJobExecutionActor.execute$(SharedFileSystemAsyncJobExecutionActor.scala:121)
	at cromwell.backend.impl.sfs.config.BackgroundConfigAsyncJobExecutionActor.execute(ConfigAsyncJobExecutionActor.scala:191)
	at cromwell.backend.standard.StandardAsyncExecutionActor.$anonfun$executeAsync$1(StandardAsyncExecutionActor.scala:451)
	at scala.util.Try$.apply(Try.scala:209)
	at cromwell.backend.standard.StandardAsyncExecutionActor.executeAsync(StandardAsyncExecutionActor.scala:451)
	at cromwell.backend.standard.StandardAsyncExecutionActor.executeAsync$(StandardAsyncExecutionActor.scala:451)
	at cromwell.backend.impl.sfs.config.BackgroundConfigAsyncJobExecutionActor.executeAsync(ConfigAsyncJobExecutionActor.scala:191)
	at cromwell.backend.standard.StandardAsyncExecutionActor.executeOrRecover(StandardAsyncExecutionActor.scala:744)
	at cromwell.backend.standard.StandardAsyncExecutionActor.executeOrRecover$(StandardAsyncExecutionActor.scala:736)
	at cromwell.backend.impl.sfs.config.BackgroundConfigAsyncJobExecutionActor.executeOrRecover(ConfigAsyncJobExecutionActor.scala:191)
	at cromwell.backend.async.AsyncBackendJobExecutionActor.$anonfun$robustExecuteOrRecover$1(AsyncBackendJobExecutionActor.scala:65)
	at cromwell.core.retry.Retry$.withRetry(Retry.scala:37)
	at cromwell.core.retry.Retry$$anonfun$withRetry$1.$anonfun$applyOrElse$3(Retry.scala:44)
	at akka.pattern.FutureTimeoutSupport.liftedTree1$1(FutureTimeoutSupport.scala:25)
	at akka.pattern.FutureTimeoutSupport.$anonfun$after$1(FutureTimeoutSupport.scala:25)
	at akka.actor.Scheduler$$anon$4.run(Scheduler.scala:140)
	at akka.dispatch.TaskInvocation.run(AbstractDispatcher.scala:40)
	at akka.dispatch.ForkJoinExecutorConfigurator$AkkaForkJoinTask.exec(ForkJoinExecutorConfigurator.scala:43)
	at akka.dispatch.forkjoin.ForkJoinTask.doExec(ForkJoinTask.java:260)
	at akka.dispatch.forkjoin.ForkJoinPool$WorkQueue.runTask(ForkJoinPool.java:1339)
	at akka.dispatch.forkjoin.ForkJoinPool.runWorker(ForkJoinPool.java:1979)
	at akka.dispatch.forkjoin.ForkJoinWorkerThread.run(ForkJoinWorkerThread.java:107)
Caused by: common.exception.AggregatedMessageException: Error(s):
Expression 'Reordereds' evaluated to an Array but no 'sep' was specified
	at common.validation.Validation$ValidationTry$.toTry$extension1(Validation.scala:60)
	at common.validation.Validation$ValidationTry$.toTry$extension0(Validation.scala:56)
	at cromwell.backend.standard.StandardAsyncExecutionActor.instantiatedCommand(StandardAsyncExecutionActor.scala:398)
	... 35 common frames omitted
[2018-04-30 13:50:28,64] [[38;5;1merror[0m] BackgroundConfigAsyncJobExecutionActor [[38;5;2mb695d45e[0mReassignOneMappingQualityFilter.PrintReads:2:1]: Error attempting to Execute
java.lang.Exception: Failed command instantiation
	at cromwell.backend.standard.StandardAsyncExecutionActor.instantiatedCommand(StandardAsyncExecutionActor.scala:400)
	at cromwell.backend.standard.StandardAsyncExecutionActor.instantiatedCommand$(StandardAsyncExecutionActor.scala:340)
	at cromwell.backend.impl.sfs.config.BackgroundConfigAsyncJobExecutionActor.instantiatedCommand$lzycompute(ConfigAsyncJobExecutionActor.scala:191)
	at cromwell.backend.impl.sfs.config.BackgroundConfigAsyncJobExecutionActor.instantiatedCommand(ConfigAsyncJobExecutionActor.scala:191)
	at cromwell.backend.standard.StandardAsyncExecutionActor.commandScriptContents(StandardAsyncExecutionActor.scala:235)
	at cromwell.backend.standard.StandardAsyncExecutionActor.commandScriptContents$(StandardAsyncExecutionActor.scala:234)
	at cromwell.backend.impl.sfs.config.BackgroundConfigAsyncJobExecutionActor.commandScriptContents(ConfigAsyncJobExecutionActor.scala:191)
	at cromwell.backend.sfs.SharedFileSystemAsyncJobExecutionActor.writeScriptContents(SharedFileSystemAsyncJobExecutionActor.scala:140)
	at cromwell.backend.sfs.SharedFileSystemAsyncJobExecutionActor.writeScriptContents$(SharedFileSystemAsyncJobExecutionActor.scala:139)
	at cromwell.backend.impl.sfs.config.BackgroundConfigAsyncJobExecutionActor.cromwell$backend$sfs$BackgroundAsyncJobExecutionActor$$super$writeScriptContents(ConfigAsyncJobExecutionActor.scala:191)
	at cromwell.backend.sfs.BackgroundAsyncJobExecutionActor.writeScriptContents(BackgroundAsyncJobExecutionActor.scala:12)
	at cromwell.backend.sfs.BackgroundAsyncJobExecutionActor.writeScriptContents$(BackgroundAsyncJobExecutionActor.scala:11)
	at cromwell.backend.impl.sfs.config.BackgroundConfigAsyncJobExecutionActor.writeScriptContents(ConfigAsyncJobExecutionActor.scala:191)
	at cromwell.backend.sfs.SharedFileSystemAsyncJobExecutionActor.execute(SharedFileSystemAsyncJobExecutionActor.scala:123)
	at cromwell.backend.sfs.SharedFileSystemAsyncJobExecutionActor.execute$(SharedFileSystemAsyncJobExecutionActor.scala:121)
	at cromwell.backend.impl.sfs.config.BackgroundConfigAsyncJobExecutionActor.execute(ConfigAsyncJobExecutionActor.scala:191)
	at cromwell.backend.standard.StandardAsyncExecutionActor.$anonfun$executeAsync$1(StandardAsyncExecutionActor.scala:451)
	at scala.util.Try$.apply(Try.scala:209)
	at cromwell.backend.standard.StandardAsyncExecutionActor.executeAsync(StandardAsyncExecutionActor.scala:451)
	at cromwell.backend.standard.StandardAsyncExecutionActor.executeAsync$(StandardAsyncExecutionActor.scala:451)
	at cromwell.backend.impl.sfs.config.BackgroundConfigAsyncJobExecutionActor.executeAsync(ConfigAsyncJobExecutionActor.scala:191)
	at cromwell.backend.standard.StandardAsyncExecutionActor.executeOrRecover(StandardAsyncExecutionActor.scala:744)
	at cromwell.backend.standard.StandardAsyncExecutionActor.executeOrRecover$(StandardAsyncExecutionActor.scala:736)
	at cromwell.backend.impl.sfs.config.BackgroundConfigAsyncJobExecutionActor.executeOrRecover(ConfigAsyncJobExecutionActor.scala:191)
	at cromwell.backend.async.AsyncBackendJobExecutionActor.$anonfun$robustExecuteOrRecover$1(AsyncBackendJobExecutionActor.scala:65)
	at cromwell.core.retry.Retry$.withRetry(Retry.scala:37)
	at cromwell.core.retry.Retry$$anonfun$withRetry$1.$anonfun$applyOrElse$3(Retry.scala:44)
	at akka.pattern.FutureTimeoutSupport.liftedTree1$1(FutureTimeoutSupport.scala:25)
	at akka.pattern.FutureTimeoutSupport.$anonfun$after$1(FutureTimeoutSupport.scala:25)
	at akka.actor.Scheduler$$anon$4.run(Scheduler.scala:140)
	at akka.dispatch.TaskInvocation.run(AbstractDispatcher.scala:40)
	at akka.dispatch.ForkJoinExecutorConfigurator$AkkaForkJoinTask.exec(ForkJoinExecutorConfigurator.scala:43)
	at akka.dispatch.forkjoin.ForkJoinTask.doExec(ForkJoinTask.java:260)
	at akka.dispatch.forkjoin.ForkJoinPool$WorkQueue.runTask(ForkJoinPool.java:1339)
	at akka.dispatch.forkjoin.ForkJoinPool.runWorker(ForkJoinPool.java:1979)
	at akka.dispatch.forkjoin.ForkJoinWorkerThread.run(ForkJoinWorkerThread.java:107)
Caused by: common.exception.AggregatedMessageException: Error(s):
Expression 'Reordereds' evaluated to an Array but no 'sep' was specified
	at common.validation.Validation$ValidationTry$.toTry$extension1(Validation.scala:60)
	at common.validation.Validation$ValidationTry$.toTry$extension0(Validation.scala:56)
	at cromwell.backend.standard.StandardAsyncExecutionActor.instantiatedCommand(StandardAsyncExecutionActor.scala:398)
	... 35 common frames omitted
[2018-04-30 13:50:33,70] [[38;5;1merror[0m] BackgroundConfigAsyncJobExecutionActor [[38;5;2mb695d45e[0mReassignOneMappingQualityFilter.PrintReads:2:1]: Error attempting to Execute
java.lang.Exception: Failed command instantiation
	at cromwell.backend.standard.StandardAsyncExecutionActor.instantiatedCommand(StandardAsyncExecutionActor.scala:400)
	at cromwell.backend.standard.StandardAsyncExecutionActor.instantiatedCommand$(StandardAsyncExecutionActor.scala:340)
	at cromwell.backend.impl.sfs.config.BackgroundConfigAsyncJobExecutionActor.instantiatedCommand$lzycompute(ConfigAsyncJobExecutionActor.scala:191)
	at cromwell.backend.impl.sfs.config.BackgroundConfigAsyncJobExecutionActor.instantiatedCommand(ConfigAsyncJobExecutionActor.scala:191)
	at cromwell.backend.standard.StandardAsyncExecutionActor.commandScriptContents(StandardAsyncExecutionActor.scala:235)
	at cromwell.backend.standard.StandardAsyncExecutionActor.commandScriptContents$(StandardAsyncExecutionActor.scala:234)
	at cromwell.backend.impl.sfs.config.BackgroundConfigAsyncJobExecutionActor.commandScriptContents(ConfigAsyncJobExecutionActor.scala:191)
	at cromwell.backend.sfs.SharedFileSystemAsyncJobExecutionActor.writeScriptContents(SharedFileSystemAsyncJobExecutionActor.scala:140)
	at cromwell.backend.sfs.SharedFileSystemAsyncJobExecutionActor.writeScriptContents$(SharedFileSystemAsyncJobExecutionActor.scala:139)
	at cromwell.backend.impl.sfs.config.BackgroundConfigAsyncJobExecutionActor.cromwell$backend$sfs$BackgroundAsyncJobExecutionActor$$super$writeScriptContents(ConfigAsyncJobExecutionActor.scala:191)
	at cromwell.backend.sfs.BackgroundAsyncJobExecutionActor.writeScriptContents(BackgroundAsyncJobExecutionActor.scala:12)
	at cromwell.backend.sfs.BackgroundAsyncJobExecutionActor.writeScriptContents$(BackgroundAsyncJobExecutionActor.scala:11)
	at cromwell.backend.impl.sfs.config.BackgroundConfigAsyncJobExecutionActor.writeScriptContents(ConfigAsyncJobExecutionActor.scala:191)
	at cromwell.backend.sfs.SharedFileSystemAsyncJobExecutionActor.execute(SharedFileSystemAsyncJobExecutionActor.scala:123)
	at cromwell.backend.sfs.SharedFileSystemAsyncJobExecutionActor.execute$(SharedFileSystemAsyncJobExecutionActor.scala:121)
	at cromwell.backend.impl.sfs.config.BackgroundConfigAsyncJobExecutionActor.execute(ConfigAsyncJobExecutionActor.scala:191)
	at cromwell.backend.standard.StandardAsyncExecutionActor.$anonfun$executeAsync$1(StandardAsyncExecutionActor.scala:451)
	at scala.util.Try$.apply(Try.scala:209)
	at cromwell.backend.standard.StandardAsyncExecutionActor.executeAsync(StandardAsyncExecutionActor.scala:451)
	at cromwell.backend.standard.StandardAsyncExecutionActor.executeAsync$(StandardAsyncExecutionActor.scala:451)
	at cromwell.backend.impl.sfs.config.BackgroundConfigAsyncJobExecutionActor.executeAsync(ConfigAsyncJobExecutionActor.scala:191)
	at cromwell.backend.standard.StandardAsyncExecutionActor.executeOrRecover(StandardAsyncExecutionActor.scala:744)
	at cromwell.backend.standard.StandardAsyncExecutionActor.executeOrRecover$(StandardAsyncExecutionActor.scala:736)
	at cromwell.backend.impl.sfs.config.BackgroundConfigAsyncJobExecutionActor.executeOrRecover(ConfigAsyncJobExecutionActor.scala:191)
	at cromwell.backend.async.AsyncBackendJobExecutionActor.$anonfun$robustExecuteOrRecover$1(AsyncBackendJobExecutionActor.scala:65)
	at cromwell.core.retry.Retry$.withRetry(Retry.scala:37)
	at cromwell.core.retry.Retry$$anonfun$withRetry$1.$anonfun$applyOrElse$3(Retry.scala:44)
	at akka.pattern.FutureTimeoutSupport.liftedTree1$1(FutureTimeoutSupport.scala:25)
	at akka.pattern.FutureTimeoutSupport.$anonfun$after$1(FutureTimeoutSupport.scala:25)
	at akka.actor.Scheduler$$anon$4.run(Scheduler.scala:140)
	at akka.dispatch.TaskInvocation.run(AbstractDispatcher.scala:40)
	at akka.dispatch.ForkJoinExecutorConfigurator$AkkaForkJoinTask.exec(ForkJoinExecutorConfigurator.scala:43)
	at akka.dispatch.forkjoin.ForkJoinTask.doExec(ForkJoinTask.java:260)
	at akka.dispatch.forkjoin.ForkJoinPool$WorkQueue.runTask(ForkJoinPool.java:1339)
	at akka.dispatch.forkjoin.ForkJoinPool.runWorker(ForkJoinPool.java:1979)
	at akka.dispatch.forkjoin.ForkJoinWorkerThread.run(ForkJoinWorkerThread.java:107)
Caused by: common.exception.AggregatedMessageException: Error(s):
Expression 'Reordereds' evaluated to an Array but no 'sep' was specified
	at common.validation.Validation$ValidationTry$.toTry$extension1(Validation.scala:60)
	at common.validation.Validation$ValidationTry$.toTry$extension0(Validation.scala:56)
	at cromwell.backend.standard.StandardAsyncExecutionActor.instantiatedCommand(StandardAsyncExecutionActor.scala:398)
	... 35 common frames omitted
[2018-04-30 13:50:40,50] [[38;5;1merror[0m] BackgroundConfigAsyncJobExecutionActor [[38;5;2mb695d45e[0mReassignOneMappingQualityFilter.PrintReads:2:1]: Error attempting to Execute
java.lang.Exception: Failed command instantiation
	at cromwell.backend.standard.StandardAsyncExecutionActor.instantiatedCommand(StandardAsyncExecutionActor.scala:400)
	at cromwell.backend.standard.StandardAsyncExecutionActor.instantiatedCommand$(StandardAsyncExecutionActor.scala:340)
	at cromwell.backend.impl.sfs.config.BackgroundConfigAsyncJobExecutionActor.instantiatedCommand$lzycompute(ConfigAsyncJobExecutionActor.scala:191)
	at cromwell.backend.impl.sfs.config.BackgroundConfigAsyncJobExecutionActor.instantiatedCommand(ConfigAsyncJobExecutionActor.scala:191)
	at cromwell.backend.standard.StandardAsyncExecutionActor.commandScriptContents(StandardAsyncExecutionActor.scala:235)
	at cromwell.backend.standard.StandardAsyncExecutionActor.commandScriptContents$(StandardAsyncExecutionActor.scala:234)
	at cromwell.backend.impl.sfs.config.BackgroundConfigAsyncJobExecutionActor.commandScriptContents(ConfigAsyncJobExecutionActor.scala:191)
	at cromwell.backend.sfs.SharedFileSystemAsyncJobExecutionActor.writeScriptContents(SharedFileSystemAsyncJobExecutionActor.scala:140)
	at cromwell.backend.sfs.SharedFileSystemAsyncJobExecutionActor.writeScriptContents$(SharedFileSystemAsyncJobExecutionActor.scala:139)
	at cromwell.backend.impl.sfs.config.BackgroundConfigAsyncJobExecutionActor.cromwell$backend$sfs$BackgroundAsyncJobExecutionActor$$super$writeScriptContents(ConfigAsyncJobExecutionActor.scala:191)
	at cromwell.backend.sfs.BackgroundAsyncJobExecutionActor.writeScriptContents(BackgroundAsyncJobExecutionActor.scala:12)
	at cromwell.backend.sfs.BackgroundAsyncJobExecutionActor.writeScriptContents$(BackgroundAsyncJobExecutionActor.scala:11)
	at cromwell.backend.impl.sfs.config.BackgroundConfigAsyncJobExecutionActor.writeScriptContents(ConfigAsyncJobExecutionActor.scala:191)
	at cromwell.backend.sfs.SharedFileSystemAsyncJobExecutionActor.execute(SharedFileSystemAsyncJobExecutionActor.scala:123)
	at cromwell.backend.sfs.SharedFileSystemAsyncJobExecutionActor.execute$(SharedFileSystemAsyncJobExecutionActor.scala:121)
	at cromwell.backend.impl.sfs.config.BackgroundConfigAsyncJobExecutionActor.execute(ConfigAsyncJobExecutionActor.scala:191)
	at cromwell.backend.standard.StandardAsyncExecutionActor.$anonfun$executeAsync$1(StandardAsyncExecutionActor.scala:451)
	at scala.util.Try$.apply(Try.scala:209)
	at cromwell.backend.standard.StandardAsyncExecutionActor.executeAsync(StandardAsyncExecutionActor.scala:451)
	at cromwell.backend.standard.StandardAsyncExecutionActor.executeAsync$(StandardAsyncExecutionActor.scala:451)
	at cromwell.backend.impl.sfs.config.BackgroundConfigAsyncJobExecutionActor.executeAsync(ConfigAsyncJobExecutionActor.scala:191)
	at cromwell.backend.standard.StandardAsyncExecutionActor.executeOrRecover(StandardAsyncExecutionActor.scala:744)
	at cromwell.backend.standard.StandardAsyncExecutionActor.executeOrRecover$(StandardAsyncExecutionActor.scala:736)
	at cromwell.backend.impl.sfs.config.BackgroundConfigAsyncJobExecutionActor.executeOrRecover(ConfigAsyncJobExecutionActor.scala:191)
	at cromwell.backend.async.AsyncBackendJobExecutionActor.$anonfun$robustExecuteOrRecover$1(AsyncBackendJobExecutionActor.scala:65)
	at cromwell.core.retry.Retry$.withRetry(Retry.scala:37)
	at cromwell.core.retry.Retry$$anonfun$withRetry$1.$anonfun$applyOrElse$3(Retry.scala:44)
	at akka.pattern.FutureTimeoutSupport.liftedTree1$1(FutureTimeoutSupport.scala:25)
	at akka.pattern.FutureTimeoutSupport.$anonfun$after$1(FutureTimeoutSupport.scala:25)
	at akka.actor.Scheduler$$anon$4.run(Scheduler.scala:140)
	at akka.dispatch.TaskInvocation.run(AbstractDispatcher.scala:40)
	at akka.dispatch.ForkJoinExecutorConfigurator$AkkaForkJoinTask.exec(ForkJoinExecutorConfigurator.scala:43)
	at akka.dispatch.forkjoin.ForkJoinTask.doExec(ForkJoinTask.java:260)
	at akka.dispatch.forkjoin.ForkJoinPool$WorkQueue.runTask(ForkJoinPool.java:1339)
	at akka.dispatch.forkjoin.ForkJoinPool.runWorker(ForkJoinPool.java:1979)
	at akka.dispatch.forkjoin.ForkJoinWorkerThread.run(ForkJoinWorkerThread.java:107)
Caused by: common.exception.AggregatedMessageException: Error(s):
Expression 'Reordereds' evaluated to an Array but no 'sep' was specified
	at common.validation.Validation$ValidationTry$.toTry$extension1(Validation.scala:60)
	at common.validation.Validation$ValidationTry$.toTry$extension0(Validation.scala:56)
	at cromwell.backend.standard.StandardAsyncExecutionActor.instantiatedCommand(StandardAsyncExecutionActor.scala:398)
	... 35 common frames omitted
[2018-04-30 13:50:48,20] [[38;5;1merror[0m] BackgroundConfigAsyncJobExecutionActor [[38;5;2mb695d45e[0mReassignOneMappingQualityFilter.PrintReads:2:1]: Error attempting to Execute
java.lang.Exception: Failed command instantiation
	at cromwell.backend.standard.StandardAsyncExecutionActor.instantiatedCommand(StandardAsyncExecutionActor.scala:400)
	at cromwell.backend.standard.StandardAsyncExecutionActor.instantiatedCommand$(StandardAsyncExecutionActor.scala:340)
	at cromwell.backend.impl.sfs.config.BackgroundConfigAsyncJobExecutionActor.instantiatedCommand$lzycompute(ConfigAsyncJobExecutionActor.scala:191)
	at cromwell.backend.impl.sfs.config.BackgroundConfigAsyncJobExecutionActor.instantiatedCommand(ConfigAsyncJobExecutionActor.scala:191)
	at cromwell.backend.standard.StandardAsyncExecutionActor.commandScriptContents(StandardAsyncExecutionActor.scala:235)
	at cromwell.backend.standard.StandardAsyncExecutionActor.commandScriptContents$(StandardAsyncExecutionActor.scala:234)
	at cromwell.backend.impl.sfs.config.BackgroundConfigAsyncJobExecutionActor.commandScriptContents(ConfigAsyncJobExecutionActor.scala:191)
	at cromwell.backend.sfs.SharedFileSystemAsyncJobExecutionActor.writeScriptContents(SharedFileSystemAsyncJobExecutionActor.scala:140)
	at cromwell.backend.sfs.SharedFileSystemAsyncJobExecutionActor.writeScriptContents$(SharedFileSystemAsyncJobExecutionActor.scala:139)
	at cromwell.backend.impl.sfs.config.BackgroundConfigAsyncJobExecutionActor.cromwell$backend$sfs$BackgroundAsyncJobExecutionActor$$super$writeScriptContents(ConfigAsyncJobExecutionActor.scala:191)
	at cromwell.backend.sfs.BackgroundAsyncJobExecutionActor.writeScriptContents(BackgroundAsyncJobExecutionActor.scala:12)
	at cromwell.backend.sfs.BackgroundAsyncJobExecutionActor.writeScriptContents$(BackgroundAsyncJobExecutionActor.scala:11)
	at cromwell.backend.impl.sfs.config.BackgroundConfigAsyncJobExecutionActor.writeScriptContents(ConfigAsyncJobExecutionActor.scala:191)
	at cromwell.backend.sfs.SharedFileSystemAsyncJobExecutionActor.execute(SharedFileSystemAsyncJobExecutionActor.scala:123)
	at cromwell.backend.sfs.SharedFileSystemAsyncJobExecutionActor.execute$(SharedFileSystemAsyncJobExecutionActor.scala:121)
	at cromwell.backend.impl.sfs.config.BackgroundConfigAsyncJobExecutionActor.execute(ConfigAsyncJobExecutionActor.scala:191)
	at cromwell.backend.standard.StandardAsyncExecutionActor.$anonfun$executeAsync$1(StandardAsyncExecutionActor.scala:451)
	at scala.util.Try$.apply(Try.scala:209)
	at cromwell.backend.standard.StandardAsyncExecutionActor.executeAsync(StandardAsyncExecutionActor.scala:451)
	at cromwell.backend.standard.StandardAsyncExecutionActor.executeAsync$(StandardAsyncExecutionActor.scala:451)
	at cromwell.backend.impl.sfs.config.BackgroundConfigAsyncJobExecutionActor.executeAsync(ConfigAsyncJobExecutionActor.scala:191)
	at cromwell.backend.standard.StandardAsyncExecutionActor.executeOrRecover(StandardAsyncExecutionActor.scala:744)
	at cromwell.backend.standard.StandardAsyncExecutionActor.executeOrRecover$(StandardAsyncExecutionActor.scala:736)
	at cromwell.backend.impl.sfs.config.BackgroundConfigAsyncJobExecutionActor.executeOrRecover(ConfigAsyncJobExecutionActor.scala:191)
	at cromwell.backend.async.AsyncBackendJobExecutionActor.$anonfun$robustExecuteOrRecover$1(AsyncBackendJobExecutionActor.scala:65)
	at cromwell.core.retry.Retry$.withRetry(Retry.scala:37)
	at cromwell.core.retry.Retry$$anonfun$withRetry$1.$anonfun$applyOrElse$3(Retry.scala:44)
	at akka.pattern.FutureTimeoutSupport.liftedTree1$1(FutureTimeoutSupport.scala:25)
	at akka.pattern.FutureTimeoutSupport.$anonfun$after$1(FutureTimeoutSupport.scala:25)
	at akka.actor.Scheduler$$anon$4.run(Scheduler.scala:140)
	at akka.dispatch.TaskInvocation.run(AbstractDispatcher.scala:40)
	at akka.dispatch.ForkJoinExecutorConfigurator$AkkaForkJoinTask.exec(ForkJoinExecutorConfigurator.scala:43)
	at akka.dispatch.forkjoin.ForkJoinTask.doExec(ForkJoinTask.java:260)
	at akka.dispatch.forkjoin.ForkJoinPool$WorkQueue.runTask(ForkJoinPool.java:1339)
	at akka.dispatch.forkjoin.ForkJoinPool.runWorker(ForkJoinPool.java:1979)
	at akka.dispatch.forkjoin.ForkJoinWorkerThread.run(ForkJoinWorkerThread.java:107)
Caused by: common.exception.AggregatedMessageException: Error(s):
Expression 'Reordereds' evaluated to an Array but no 'sep' was specified
	at common.validation.Validation$ValidationTry$.toTry$extension1(Validation.scala:60)
	at common.validation.Validation$ValidationTry$.toTry$extension0(Validation.scala:56)
	at cromwell.backend.standard.StandardAsyncExecutionActor.instantiatedCommand(StandardAsyncExecutionActor.scala:398)
	... 35 common frames omitted
[2018-04-30 13:50:53,40] [[38;5;1merror[0m] BackgroundConfigAsyncJobExecutionActor [[38;5;2mb695d45e[0mReassignOneMappingQualityFilter.PrintReads:2:1]: Error attempting to Execute
java.lang.Exception: Failed command instantiation
	at cromwell.backend.standard.StandardAsyncExecutionActor.instantiatedCommand(StandardAsyncExecutionActor.scala:400)
	at cromwell.backend.standard.StandardAsyncExecutionActor.instantiatedCommand$(StandardAsyncExecutionActor.scala:340)
	at cromwell.backend.impl.sfs.config.BackgroundConfigAsyncJobExecutionActor.instantiatedCommand$lzycompute(ConfigAsyncJobExecutionActor.scala:191)
	at cromwell.backend.impl.sfs.config.BackgroundConfigAsyncJobExecutionActor.instantiatedCommand(ConfigAsyncJobExecutionActor.scala:191)
	at cromwell.backend.standard.StandardAsyncExecutionActor.commandScriptContents(StandardAsyncExecutionActor.scala:235)
	at cromwell.backend.standard.StandardAsyncExecutionActor.commandScriptContents$(StandardAsyncExecutionActor.scala:234)
	at cromwell.backend.impl.sfs.config.BackgroundConfigAsyncJobExecutionActor.commandScriptContents(ConfigAsyncJobExecutionActor.scala:191)
	at cromwell.backend.sfs.SharedFileSystemAsyncJobExecutionActor.writeScriptContents(SharedFileSystemAsyncJobExecutionActor.scala:140)
	at cromwell.backend.sfs.SharedFileSystemAsyncJobExecutionActor.writeScriptContents$(SharedFileSystemAsyncJobExecutionActor.scala:139)
	at cromwell.backend.impl.sfs.config.BackgroundConfigAsyncJobExecutionActor.cromwell$backend$sfs$BackgroundAsyncJobExecutionActor$$super$writeScriptContents(ConfigAsyncJobExecutionActor.scala:191)
	at cromwell.backend.sfs.BackgroundAsyncJobExecutionActor.writeScriptContents(BackgroundAsyncJobExecutionActor.scala:12)
	at cromwell.backend.sfs.BackgroundAsyncJobExecutionActor.writeScriptContents$(BackgroundAsyncJobExecutionActor.scala:11)
	at cromwell.backend.impl.sfs.config.BackgroundConfigAsyncJobExecutionActor.writeScriptContents(ConfigAsyncJobExecutionActor.scala:191)
	at cromwell.backend.sfs.SharedFileSystemAsyncJobExecutionActor.execute(SharedFileSystemAsyncJobExecutionActor.scala:123)
	at cromwell.backend.sfs.SharedFileSystemAsyncJobExecutionActor.execute$(SharedFileSystemAsyncJobExecutionActor.scala:121)
	at cromwell.backend.impl.sfs.config.BackgroundConfigAsyncJobExecutionActor.execute(ConfigAsyncJobExecutionActor.scala:191)
	at cromwell.backend.standard.StandardAsyncExecutionActor.$anonfun$executeAsync$1(StandardAsyncExecutionActor.scala:451)
	at scala.util.Try$.apply(Try.scala:209)
	at cromwell.backend.standard.StandardAsyncExecutionActor.executeAsync(StandardAsyncExecutionActor.scala:451)
	at cromwell.backend.standard.StandardAsyncExecutionActor.executeAsync$(StandardAsyncExecutionActor.scala:451)
	at cromwell.backend.impl.sfs.config.BackgroundConfigAsyncJobExecutionActor.executeAsync(ConfigAsyncJobExecutionActor.scala:191)
	at cromwell.backend.standard.StandardAsyncExecutionActor.executeOrRecover(StandardAsyncExecutionActor.scala:744)
	at cromwell.backend.standard.StandardAsyncExecutionActor.executeOrRecover$(StandardAsyncExecutionActor.scala:736)
	at cromwell.backend.impl.sfs.config.BackgroundConfigAsyncJobExecutionActor.executeOrRecover(ConfigAsyncJobExecutionActor.scala:191)
	at cromwell.backend.async.AsyncBackendJobExecutionActor.$anonfun$robustExecuteOrRecover$1(AsyncBackendJobExecutionActor.scala:65)
	at cromwell.core.retry.Retry$.withRetry(Retry.scala:37)
	at cromwell.core.retry.Retry$$anonfun$withRetry$1.$anonfun$applyOrElse$3(Retry.scala:44)
	at akka.pattern.FutureTimeoutSupport.liftedTree1$1(FutureTimeoutSupport.scala:25)
	at akka.pattern.FutureTimeoutSupport.$anonfun$after$1(FutureTimeoutSupport.scala:25)
	at akka.actor.Scheduler$$anon$4.run(Scheduler.scala:140)
	at akka.dispatch.TaskInvocation.run(AbstractDispatcher.scala:40)
	at akka.dispatch.ForkJoinExecutorConfigurator$AkkaForkJoinTask.exec(ForkJoinExecutorConfigurator.scala:43)
	at akka.dispatch.forkjoin.ForkJoinTask.doExec(ForkJoinTask.java:260)
	at akka.dispatch.forkjoin.ForkJoinPool$WorkQueue.runTask(ForkJoinPool.java:1339)
	at akka.dispatch.forkjoin.ForkJoinPool.runWorker(ForkJoinPool.java:1979)
	at akka.dispatch.forkjoin.ForkJoinWorkerThread.run(ForkJoinWorkerThread.java:107)
Caused by: common.exception.AggregatedMessageException: Error(s):
Expression 'Reordereds' evaluated to an Array but no 'sep' was specified
	at common.validation.Validation$ValidationTry$.toTry$extension1(Validation.scala:60)
	at common.validation.Validation$ValidationTry$.toTry$extension0(Validation.scala:56)
	at cromwell.backend.standard.StandardAsyncExecutionActor.instantiatedCommand(StandardAsyncExecutionActor.scala:398)
	... 35 common frames omitted
[2018-04-30 13:50:58,00] [[38;5;1merror[0m] BackgroundConfigAsyncJobExecutionActor [[38;5;2mb695d45e[0mReassignOneMappingQualityFilter.PrintReads:2:1]: Error attempting to Execute
java.lang.Exception: Failed command instantiation
	at cromwell.backend.standard.StandardAsyncExecutionActor.instantiatedCommand(StandardAsyncExecutionActor.scala:400)
	at cromwell.backend.standard.StandardAsyncExecutionActor.instantiatedCommand$(StandardAsyncExecutionActor.scala:340)
	at cromwell.backend.impl.sfs.config.BackgroundConfigAsyncJobExecutionActor.instantiatedCommand$lzycompute(ConfigAsyncJobExecutionActor.scala:191)
	at cromwell.backend.impl.sfs.config.BackgroundConfigAsyncJobExecutionActor.instantiatedCommand(ConfigAsyncJobExecutionActor.scala:191)
	at cromwell.backend.standard.StandardAsyncExecutionActor.commandScriptContents(StandardAsyncExecutionActor.scala:235)
	at cromwell.backend.standard.StandardAsyncExecutionActor.commandScriptContents$(StandardAsyncExecutionActor.scala:234)
	at cromwell.backend.impl.sfs.config.BackgroundConfigAsyncJobExecutionActor.commandScriptContents(ConfigAsyncJobExecutionActor.scala:191)
	at cromwell.backend.sfs.SharedFileSystemAsyncJobExecutionActor.writeScriptContents(SharedFileSystemAsyncJobExecutionActor.scala:140)
	at cromwell.backend.sfs.SharedFileSystemAsyncJobExecutionActor.writeScriptContents$(SharedFileSystemAsyncJobExecutionActor.scala:139)
	at cromwell.backend.impl.sfs.config.BackgroundConfigAsyncJobExecutionActor.cromwell$backend$sfs$BackgroundAsyncJobExecutionActor$$super$writeScriptContents(ConfigAsyncJobExecutionActor.scala:191)
	at cromwell.backend.sfs.BackgroundAsyncJobExecutionActor.writeScriptContents(BackgroundAsyncJobExecutionActor.scala:12)
	at cromwell.backend.sfs.BackgroundAsyncJobExecutionActor.writeScriptContents$(BackgroundAsyncJobExecutionActor.scala:11)
	at cromwell.backend.impl.sfs.config.BackgroundConfigAsyncJobExecutionActor.writeScriptContents(ConfigAsyncJobExecutionActor.scala:191)
	at cromwell.backend.sfs.SharedFileSystemAsyncJobExecutionActor.execute(SharedFileSystemAsyncJobExecutionActor.scala:123)
	at cromwell.backend.sfs.SharedFileSystemAsyncJobExecutionActor.execute$(SharedFileSystemAsyncJobExecutionActor.scala:121)
	at cromwell.backend.impl.sfs.config.BackgroundConfigAsyncJobExecutionActor.execute(ConfigAsyncJobExecutionActor.scala:191)
	at cromwell.backend.standard.StandardAsyncExecutionActor.$anonfun$executeAsync$1(StandardAsyncExecutionActor.scala:451)
	at scala.util.Try$.apply(Try.scala:209)
	at cromwell.backend.standard.StandardAsyncExecutionActor.executeAsync(StandardAsyncExecutionActor.scala:451)
	at cromwell.backend.standard.StandardAsyncExecutionActor.executeAsync$(StandardAsyncExecutionActor.scala:451)
	at cromwell.backend.impl.sfs.config.BackgroundConfigAsyncJobExecutionActor.executeAsync(ConfigAsyncJobExecutionActor.scala:191)
	at cromwell.backend.standard.StandardAsyncExecutionActor.executeOrRecover(StandardAsyncExecutionActor.scala:744)
	at cromwell.backend.standard.StandardAsyncExecutionActor.executeOrRecover$(StandardAsyncExecutionActor.scala:736)
	at cromwell.backend.impl.sfs.config.BackgroundConfigAsyncJobExecutionActor.executeOrRecover(ConfigAsyncJobExecutionActor.scala:191)
	at cromwell.backend.async.AsyncBackendJobExecutionActor.$anonfun$robustExecuteOrRecover$1(AsyncBackendJobExecutionActor.scala:65)
	at cromwell.core.retry.Retry$.withRetry(Retry.scala:37)
	at cromwell.core.retry.Retry$$anonfun$withRetry$1.$anonfun$applyOrElse$3(Retry.scala:44)
	at akka.pattern.FutureTimeoutSupport.liftedTree1$1(FutureTimeoutSupport.scala:25)
	at akka.pattern.FutureTimeoutSupport.$anonfun$after$1(FutureTimeoutSupport.scala:25)
	at akka.actor.Scheduler$$anon$4.run(Scheduler.scala:140)
	at akka.dispatch.TaskInvocation.run(AbstractDispatcher.scala:40)
	at akka.dispatch.ForkJoinExecutorConfigurator$AkkaForkJoinTask.exec(ForkJoinExecutorConfigurator.scala:43)
	at akka.dispatch.forkjoin.ForkJoinTask.doExec(ForkJoinTask.java:260)
	at akka.dispatch.forkjoin.ForkJoinPool$WorkQueue.runTask(ForkJoinPool.java:1339)
	at akka.dispatch.forkjoin.ForkJoinPool.runWorker(ForkJoinPool.java:1979)
	at akka.dispatch.forkjoin.ForkJoinWorkerThread.run(ForkJoinWorkerThread.java:107)
Caused by: common.exception.AggregatedMessageException: Error(s):
Expression 'Reordereds' evaluated to an Array but no 'sep' was specified
	at common.validation.Validation$ValidationTry$.toTry$extension1(Validation.scala:60)
	at common.validation.Validation$ValidationTry$.toTry$extension0(Validation.scala:56)
	at cromwell.backend.standard.StandardAsyncExecutionActor.instantiatedCommand(StandardAsyncExecutionActor.scala:398)
	... 35 common frames omitted
[2018-04-30 13:53:48,35] [info] BackgroundConfigAsyncJobExecutionActor [[38;5;2mb695d45e[0mReassignOneMappingQualityFilter.ReorderSam:0:1]: Status change from WaitingForReturnCodeFile to Done
[2018-04-30 13:53:58,77] [info] BackgroundConfigAsyncJobExecutionActor [[38;5;2mb695d45e[0mReassignOneMappingQualityFilter.ReorderSam:1:1]: Status change from WaitingForReturnCodeFile to Done
[2018-04-30 13:53:59,58] [[38;5;1merror[0m] WorkflowManagerActor Workflow b695d45e-203e-4e8e-9cfd-4a8c2cffe3c6 failed (during ExecutingWorkflowState): java.lang.Exception: Failed command instantiation
cromwell.core.CromwellFatalException: java.lang.Exception: Failed command instantiation
	at cromwell.core.retry.Retry$$anonfun$withRetry$1.applyOrElse(Retry.scala:46)
	at cromwell.core.retry.Retry$$anonfun$withRetry$1.applyOrElse(Retry.scala:37)
	at scala.concurrent.Future.$anonfun$recoverWith$1(Future.scala:414)
	at scala.concurrent.impl.Promise.$anonfun$transformWith$1(Promise.scala:37)
	at scala.concurrent.impl.CallbackRunnable.run(Promise.scala:60)
	at akka.dispatch.BatchingExecutor$AbstractBatch.processBatch(BatchingExecutor.scala:55)
	at akka.dispatch.BatchingExecutor$BlockableBatch.$anonfun$run$1(BatchingExecutor.scala:91)
	at scala.runtime.java8.JFunction0$mcV$sp.apply(JFunction0$mcV$sp.java:12)
	at scala.concurrent.BlockContext$.withBlockContext(BlockContext.scala:81)
	at akka.dispatch.BatchingExecutor$BlockableBatch.run(BatchingExecutor.scala:91)
	at akka.dispatch.TaskInvocation.run(AbstractDispatcher.scala:40)
	at akka.dispatch.ForkJoinExecutorConfigurator$AkkaForkJoinTask.exec(ForkJoinExecutorConfigurator.scala:43)
	at akka.dispatch.forkjoin.ForkJoinTask.doExec(ForkJoinTask.java:260)
	at akka.dispatch.forkjoin.ForkJoinPool$WorkQueue.runTask(ForkJoinPool.java:1339)
	at akka.dispatch.forkjoin.ForkJoinPool.runWorker(ForkJoinPool.java:1979)
	at akka.dispatch.forkjoin.ForkJoinWorkerThread.run(ForkJoinWorkerThread.java:107)
Caused by: java.lang.Exception: Failed command instantiation
	at cromwell.backend.standard.StandardAsyncExecutionActor.instantiatedCommand(StandardAsyncExecutionActor.scala:400)
	at cromwell.backend.standard.StandardAsyncExecutionActor.instantiatedCommand$(StandardAsyncExecutionActor.scala:340)
	at cromwell.backend.impl.sfs.config.BackgroundConfigAsyncJobExecutionActor.instantiatedCommand$lzycompute(ConfigAsyncJobExecutionActor.scala:191)
	at cromwell.backend.impl.sfs.config.BackgroundConfigAsyncJobExecutionActor.instantiatedCommand(ConfigAsyncJobExecutionActor.scala:191)
	at cromwell.backend.standard.StandardAsyncExecutionActor.commandScriptContents(StandardAsyncExecutionActor.scala:235)
	at cromwell.backend.standard.StandardAsyncExecutionActor.commandScriptContents$(StandardAsyncExecutionActor.scala:234)
	at cromwell.backend.impl.sfs.config.BackgroundConfigAsyncJobExecutionActor.commandScriptContents(ConfigAsyncJobExecutionActor.scala:191)
	at cromwell.backend.sfs.SharedFileSystemAsyncJobExecutionActor.writeScriptContents(SharedFileSystemAsyncJobExecutionActor.scala:140)
	at cromwell.backend.sfs.SharedFileSystemAsyncJobExecutionActor.writeScriptContents$(SharedFileSystemAsyncJobExecutionActor.scala:139)
	at cromwell.backend.impl.sfs.config.BackgroundConfigAsyncJobExecutionActor.cromwell$backend$sfs$BackgroundAsyncJobExecutionActor$$super$writeScriptContents(ConfigAsyncJobExecutionActor.scala:191)
	at cromwell.backend.sfs.BackgroundAsyncJobExecutionActor.writeScriptContents(BackgroundAsyncJobExecutionActor.scala:12)
	at cromwell.backend.sfs.BackgroundAsyncJobExecutionActor.writeScriptContents$(BackgroundAsyncJobExecutionActor.scala:11)
	at cromwell.backend.impl.sfs.config.BackgroundConfigAsyncJobExecutionActor.writeScriptContents(ConfigAsyncJobExecutionActor.scala:191)
	at cromwell.backend.sfs.SharedFileSystemAsyncJobExecutionActor.execute(SharedFileSystemAsyncJobExecutionActor.scala:123)
	at cromwell.backend.sfs.SharedFileSystemAsyncJobExecutionActor.execute$(SharedFileSystemAsyncJobExecutionActor.scala:121)
	at cromwell.backend.impl.sfs.config.BackgroundConfigAsyncJobExecutionActor.execute(ConfigAsyncJobExecutionActor.scala:191)
	at cromwell.backend.standard.StandardAsyncExecutionActor.$anonfun$executeAsync$1(StandardAsyncExecutionActor.scala:451)
	at scala.util.Try$.apply(Try.scala:209)
	at cromwell.backend.standard.StandardAsyncExecutionActor.executeAsync(StandardAsyncExecutionActor.scala:451)
	at cromwell.backend.standard.StandardAsyncExecutionActor.executeAsync$(StandardAsyncExecutionActor.scala:451)
	at cromwell.backend.impl.sfs.config.BackgroundConfigAsyncJobExecutionActor.executeAsync(ConfigAsyncJobExecutionActor.scala:191)
	at cromwell.backend.standard.StandardAsyncExecutionActor.executeOrRecover(StandardAsyncExecutionActor.scala:744)
	at cromwell.backend.standard.StandardAsyncExecutionActor.executeOrRecover$(StandardAsyncExecutionActor.scala:736)
	at cromwell.backend.impl.sfs.config.BackgroundConfigAsyncJobExecutionActor.executeOrRecover(ConfigAsyncJobExecutionActor.scala:191)
	at cromwell.backend.async.AsyncBackendJobExecutionActor.$anonfun$robustExecuteOrRecover$1(AsyncBackendJobExecutionActor.scala:65)
	at cromwell.core.retry.Retry$.withRetry(Retry.scala:37)
	at cromwell.core.retry.Retry$$anonfun$withRetry$1.$anonfun$applyOrElse$3(Retry.scala:44)
	at akka.pattern.FutureTimeoutSupport.liftedTree1$1(FutureTimeoutSupport.scala:25)
	at akka.pattern.FutureTimeoutSupport.$anonfun$after$1(FutureTimeoutSupport.scala:25)
	at akka.actor.Scheduler$$anon$4.run(Scheduler.scala:140)
	... 6 more
Caused by: common.exception.AggregatedMessageException: Error(s):
Expression 'Reordereds' evaluated to an Array but no 'sep' was specified
	at common.validation.Validation$ValidationTry$.toTry$extension1(Validation.scala:60)
	at common.validation.Validation$ValidationTry$.toTry$extension0(Validation.scala:56)
	at cromwell.backend.standard.StandardAsyncExecutionActor.instantiatedCommand(StandardAsyncExecutionActor.scala:398)
	... 35 more

[2018-04-30 13:53:59,59] [info] WorkflowManagerActor WorkflowActor-b695d45e-203e-4e8e-9cfd-4a8c2cffe3c6 is in a terminal state: WorkflowFailedState
[2018-04-30 13:54:09,95] [info] SingleWorkflowRunnerActor workflow finished with status 'Failed'.
[2018-04-30 13:54:11,52] [info] Message [cromwell.core.actor.StreamActorHelper$StreamFailed] without sender to Actor[akka://cromwell-system/deadLetters] was not delivered. [1] dead letters encountered. This logging can be turned off or adjusted with configuration settings 'akka.log-dead-letters' and 'akka.log-dead-letters-during-shutdown'.
[2018-04-30 13:54:11,52] [info] Message [cromwell.core.actor.StreamActorHelper$StreamFailed] without sender to Actor[akka://cromwell-system/deadLetters] was not delivered. [2] dead letters encountered. This logging can be turned off or adjusted with configuration settings 'akka.log-dead-letters' and 'akka.log-dead-letters-during-shutdown'.
[2018-04-30 13:54:11,52] [info] Message [cromwell.core.actor.StreamActorHelper$StreamFailed] without sender to Actor[akka://cromwell-system/deadLetters] was not delivered. [3] dead letters encountered. This logging can be turned off or adjusted with configuration settings 'akka.log-dead-letters' and 'akka.log-dead-letters-during-shutdown'.
[2018-04-30 13:54:11,53] [info] Message [akka.actor.FSM$Transition] from Actor[akka://cromwell-system/user/SingleWorkflowRunnerActor/ServiceRegistryActor/MetadataService/WriteMetadataActor#-1741384088] to Actor[akka://cromwell-system/user/SingleWorkflowRunnerActor#1813512004] was not delivered. [4] dead letters encountered. This logging can be turned off or adjusted with configuration settings 'akka.log-dead-letters' and 'akka.log-dead-letters-during-shutdown'.
[2018-04-30 13:54:11,55] [info] Automatic shutdown of the async connection
[2018-04-30 13:54:11,55] [info] Gracefully shutdown sentry threads.
[2018-04-30 13:54:11,56] [info] Shutdown finished.
